<?xml version="1.0" encoding="UTF-8"?>
<coverage generated="1624878139389" clover="3.2.0">
  <project timestamp="1624878139390" name="All files">
    <metrics statements="100" coveredstatements="96" conditionals="24" coveredconditionals="22" methods="25" coveredmethods="23" elements="149" coveredelements="141" complexity="0" loc="100" ncloc="100" packages="2" files="4" classes="4"/>
    <package name="functions">
      <metrics statements="25" coveredstatements="21" conditionals="4" coveredconditionals="2" methods="11" coveredmethods="9"/>
      <file name="func.js" path="D:\Javascript_studijos\Javascript\Week19\Testing\functions\func.js">
        <metrics statements="8" coveredstatements="5" conditionals="4" coveredconditionals="2" methods="4" coveredmethods="3"/>
        <line num="3" count="2" type="stmt"/>
        <line num="9" count="3" type="cond" truecount="2" falsecount="0"/>
        <line num="10" count="1" type="stmt"/>
        <line num="14" count="8" type="stmt"/>
        <line num="19" count="0" type="stmt"/>
        <line num="20" count="0" type="stmt"/>
        <line num="21" count="0" type="cond" truecount="0" falsecount="2"/>
        <line num="24" count="1" type="stmt"/>
      </file>
      <file name="promise.js" path="D:\Javascript_studijos\Javascript\Week19\Testing\functions\promise.js">
        <metrics statements="7" coveredstatements="6" conditionals="0" coveredconditionals="0" methods="4" coveredmethods="3"/>
        <line num="1" count="1" type="stmt"/>
        <line num="3" count="1" type="stmt"/>
        <line num="4" count="3" type="stmt"/>
        <line num="6" count="3" type="stmt"/>
        <line num="7" count="0" type="stmt"/>
        <line num="11" count="1" type="stmt"/>
        <line num="13" count="1" type="stmt"/>
      </file>
      <file name="reference.js" path="D:\Javascript_studijos\Javascript\Week19\Testing\functions\reference.js">
        <metrics statements="10" coveredstatements="10" conditionals="0" coveredconditionals="0" methods="3" coveredmethods="3"/>
        <line num="1" count="1" type="stmt"/>
        <line num="2" count="2" type="stmt"/>
        <line num="3" count="2" type="stmt"/>
        <line num="4" count="2" type="stmt"/>
        <line num="8" count="1" type="stmt"/>
        <line num="11" count="1" type="stmt"/>
        <line num="12" count="1" type="stmt"/>
        <line num="16" count="1" type="stmt"/>
        <line num="17" count="1" type="stmt"/>
        <line num="20" count="1" type="stmt"/>
      </file>
    </package>
    <package name="tasks">
      <metrics statements="75" coveredstatements="75" conditionals="20" coveredconditionals="20" methods="14" coveredmethods="14"/>
      <file name="task.js" path="D:\Javascript_studijos\Javascript\Week19\Testing\tasks\task.js">
        <metrics statements="75" coveredstatements="75" conditionals="20" coveredconditionals="20" methods="14" coveredmethods="14"/>
        <line num="2" count="1" type="stmt"/>
        <line num="72" count="2" type="stmt"/>
        <line num="77" count="1" type="stmt"/>
        <line num="79" count="6" type="cond" truecount="2" falsecount="0"/>
        <line num="82" count="1" type="stmt"/>
        <line num="86" count="1" type="stmt"/>
        <line num="87" count="1" type="stmt"/>
        <line num="88" count="1" type="stmt"/>
        <line num="91" count="1" type="stmt"/>
        <line num="92" count="6" type="cond" truecount="4" falsecount="0"/>
        <line num="94" count="1" type="stmt"/>
        <line num="95" count="1" type="stmt"/>
        <line num="100" count="1" type="stmt"/>
        <line num="101" count="1" type="stmt"/>
        <line num="103" count="1" type="stmt"/>
        <line num="104" count="6" type="cond" truecount="2" falsecount="0"/>
        <line num="109" count="6" type="cond" truecount="2" falsecount="0"/>
        <line num="111" count="1" type="stmt"/>
        <line num="112" count="1" type="stmt"/>
        <line num="113" count="1" type="stmt"/>
        <line num="119" count="1" type="stmt"/>
        <line num="120" count="1" type="stmt"/>
        <line num="122" count="1" type="stmt"/>
        <line num="123" count="6" type="cond" truecount="2" falsecount="0"/>
        <line num="126" count="3" type="cond" truecount="2" falsecount="0"/>
        <line num="129" count="1" type="stmt"/>
        <line num="131" count="1" type="stmt"/>
        <line num="132" count="1" type="stmt"/>
        <line num="134" count="1" type="stmt"/>
        <line num="137" count="1" type="stmt"/>
        <line num="138" count="1" type="stmt"/>
        <line num="143" count="6" type="stmt"/>
        <line num="147" count="6" type="stmt"/>
        <line num="150" count="1" type="stmt"/>
        <line num="152" count="1" type="stmt"/>
        <line num="157" count="1" type="stmt"/>
        <line num="170" count="6" type="stmt"/>
        <line num="171" count="6" type="stmt"/>
        <line num="172" count="6" type="stmt"/>
        <line num="173" count="6" type="stmt"/>
        <line num="175" count="1" type="stmt"/>
        <line num="176" count="1" type="stmt"/>
        <line num="178" count="1" type="stmt"/>
        <line num="179" count="1" type="stmt"/>
        <line num="184" count="7" type="stmt"/>
        <line num="186" count="7" type="stmt"/>
        <line num="187" count="7" type="stmt"/>
        <line num="188" count="7" type="stmt"/>
        <line num="190" count="7" type="stmt"/>
        <line num="192" count="1" type="stmt"/>
        <line num="193" count="1" type="stmt"/>
        <line num="197" count="1" type="stmt"/>
        <line num="198" count="1" type="stmt"/>
        <line num="199" count="1" type="stmt"/>
        <line num="203" count="1" type="stmt"/>
        <line num="205" count="6" type="stmt"/>
        <line num="206" count="6" type="stmt"/>
        <line num="207" count="6" type="stmt"/>
        <line num="209" count="6" type="stmt"/>
        <line num="210" count="6" type="stmt"/>
        <line num="212" count="1" type="stmt"/>
        <line num="214" count="1" type="stmt"/>
        <line num="219" count="1" type="stmt"/>
        <line num="221" count="1" type="stmt"/>
        <line num="224" count="10" type="stmt"/>
        <line num="227" count="1" type="stmt"/>
        <line num="231" count="9" type="cond" truecount="2" falsecount="0"/>
        <line num="234" count="1" type="stmt"/>
        <line num="235" count="1" type="stmt"/>
        <line num="238" count="1" type="stmt"/>
        <line num="239" count="1" type="stmt"/>
        <line num="240" count="4" type="cond" truecount="2" falsecount="0"/>
        <line num="241" count="2" type="cond" truecount="2" falsecount="0"/>
        <line num="244" count="1" type="stmt"/>
        <line num="247" count="1" type="stmt"/>
      </file>
    </package>
  </project>
</coverage>
