{"D:\\Javascript_studijos\\Javascript\\Week19\\Testing\\functions\\func.js": {"path":"D:\\Javascript_studijos\\Javascript\\Week19\\Testing\\functions\\func.js","statementMap":{"0":{"start":{"line":3,"column":2},"end":{"line":3,"column":18}},"1":{"start":{"line":9,"column":2},"end":{"line":9,"column":29}},"2":{"start":{"line":9,"column":18},"end":{"line":9,"column":29}},"3":{"start":{"line":10,"column":2},"end":{"line":10,"column":20}},"4":{"start":{"line":14,"column":2},"end":{"line":14,"column":12}},"5":{"start":{"line":19,"column":17},"end":{"line":19,"column":20}},"6":{"start":{"line":20,"column":17},"end":{"line":20,"column":20}},"7":{"start":{"line":21,"column":2},"end":{"line":21,"column":45}},"8":{"start":{"line":24,"column":0},"end":{"line":26,"column":1}}},"fnMap":{"0":{"name":"add","decl":{"start":{"line":1,"column":9},"end":{"line":1,"column":12}},"loc":{"start":{"line":1,"column":25},"end":{"line":5,"column":1}},"line":1},"1":{"name":"divide","decl":{"start":{"line":8,"column":9},"end":{"line":8,"column":15}},"loc":{"start":{"line":8,"column":27},"end":{"line":11,"column":1}},"line":8},"2":{"name":"showValue","decl":{"start":{"line":13,"column":9},"end":{"line":13,"column":18}},"loc":{"start":{"line":13,"column":24},"end":{"line":15,"column":1}},"line":13},"3":{"name":"notMoreThan","decl":{"start":{"line":18,"column":9},"end":{"line":18,"column":20}},"loc":{"start":{"line":18,"column":26},"end":{"line":22,"column":1}},"line":18}},"branchMap":{"0":{"loc":{"start":{"line":9,"column":2},"end":{"line":9,"column":29}},"type":"if","locations":[{"start":{"line":9,"column":2},"end":{"line":9,"column":29}},{"start":{"line":9,"column":2},"end":{"line":9,"column":29}}],"line":9},"1":{"loc":{"start":{"line":21,"column":9},"end":{"line":21,"column":45}},"type":"cond-expr","locations":[{"start":{"line":21,"column":33},"end":{"line":21,"column":37}},{"start":{"line":21,"column":40},"end":{"line":21,"column":45}}],"line":21}},"s":{"0":2,"1":3,"2":2,"3":1,"4":8,"5":0,"6":0,"7":0,"8":1},"f":{"0":2,"1":3,"2":8,"3":0},"b":{"0":[2,1],"1":[0,0]},"_coverageSchema":"1a1c01bbd47fc00a2c39e90264f33305004495a9","hash":"9ded2cb071f9e55a94e36540162906abe1b6a448"}
,"D:\\Javascript_studijos\\Javascript\\Week19\\Testing\\functions\\promise.js": {"path":"D:\\Javascript_studijos\\Javascript\\Week19\\Testing\\functions\\promise.js","statementMap":{"0":{"start":{"line":1,"column":14},"end":{"line":1,"column":30}},"1":{"start":{"line":3,"column":16},"end":{"line":8,"column":1}},"2":{"start":{"line":4,"column":2},"end":{"line":7,"column":46}},"3":{"start":{"line":6,"column":20},"end":{"line":6,"column":29}},"4":{"start":{"line":7,"column":20},"end":{"line":7,"column":44}},"5":{"start":{"line":11,"column":0},"end":{"line":11,"column":57}},"6":{"start":{"line":11,"column":37},"end":{"line":11,"column":54}},"7":{"start":{"line":13,"column":0},"end":{"line":13,"column":29}}},"fnMap":{"0":{"name":"(anonymous_0)","decl":{"start":{"line":3,"column":16},"end":{"line":3,"column":17}},"loc":{"start":{"line":3,"column":22},"end":{"line":8,"column":1}},"line":3},"1":{"name":"(anonymous_1)","decl":{"start":{"line":6,"column":10},"end":{"line":6,"column":11}},"loc":{"start":{"line":6,"column":20},"end":{"line":6,"column":29}},"line":6},"2":{"name":"(anonymous_2)","decl":{"start":{"line":7,"column":11},"end":{"line":7,"column":12}},"loc":{"start":{"line":7,"column":20},"end":{"line":7,"column":44}},"line":7},"3":{"name":"(anonymous_3)","decl":{"start":{"line":11,"column":27},"end":{"line":11,"column":28}},"loc":{"start":{"line":11,"column":37},"end":{"line":11,"column":54}},"line":11}},"branchMap":{},"s":{"0":1,"1":1,"2":3,"3":3,"4":0,"5":1,"6":1,"7":1},"f":{"0":3,"1":3,"2":0,"3":1},"b":{},"_coverageSchema":"1a1c01bbd47fc00a2c39e90264f33305004495a9","hash":"7b97b35cd3523ceab9747707bead5722d588f946"}
,"D:\\Javascript_studijos\\Javascript\\Week19\\Testing\\functions\\reference.js": {"path":"D:\\Javascript_studijos\\Javascript\\Week19\\Testing\\functions\\reference.js","statementMap":{"0":{"start":{"line":1,"column":19},"end":{"line":6,"column":1}},"1":{"start":{"line":2,"column":15},"end":{"line":2,"column":28}},"2":{"start":{"line":3,"column":2},"end":{"line":3,"column":28}},"3":{"start":{"line":4,"column":2},"end":{"line":4,"column":13}},"4":{"start":{"line":8,"column":0},"end":{"line":8,"column":26}},"5":{"start":{"line":11,"column":16},"end":{"line":13,"column":1}},"6":{"start":{"line":12,"column":1},"end":{"line":12,"column":16}},"7":{"start":{"line":16,"column":22},"end":{"line":18,"column":1}},"8":{"start":{"line":17,"column":2},"end":{"line":17,"column":27}},"9":{"start":{"line":20,"column":0},"end":{"line":20,"column":53}}},"fnMap":{"0":{"name":"(anonymous_0)","decl":{"start":{"line":1,"column":19},"end":{"line":1,"column":20}},"loc":{"start":{"line":1,"column":25},"end":{"line":6,"column":1}},"line":1},"1":{"name":"(anonymous_1)","decl":{"start":{"line":11,"column":16},"end":{"line":11,"column":17}},"loc":{"start":{"line":11,"column":25},"end":{"line":13,"column":1}},"line":11},"2":{"name":"(anonymous_2)","decl":{"start":{"line":16,"column":22},"end":{"line":16,"column":23}},"loc":{"start":{"line":16,"column":35},"end":{"line":18,"column":1}},"line":16}},"branchMap":{},"s":{"0":1,"1":2,"2":2,"3":2,"4":1,"5":1,"6":1,"7":1,"8":1,"9":1},"f":{"0":2,"1":1,"2":1},"b":{},"_coverageSchema":"1a1c01bbd47fc00a2c39e90264f33305004495a9","hash":"2ee5139ff2095fa17aeaa1d2d189e44d505f4607"}
,"D:\\Javascript_studijos\\Javascript\\Week19\\Testing\\tasks\\task.js": {"path":"D:\\Javascript_studijos\\Javascript\\Week19\\Testing\\tasks\\task.js","statementMap":{"0":{"start":{"line":2,"column":15},"end":{"line":69,"column":1}},"1":{"start":{"line":72,"column":2},"end":{"line":72,"column":16}},"2":{"start":{"line":77,"column":23},"end":{"line":81,"column":1}},"3":{"start":{"line":79,"column":2},"end":{"line":79,"column":49}},"4":{"start":{"line":79,"column":29},"end":{"line":79,"column":49}},"5":{"start":{"line":82,"column":0},"end":{"line":82,"column":78}},"6":{"start":{"line":86,"column":0},"end":{"line":86,"column":31}},"7":{"start":{"line":87,"column":0},"end":{"line":87,"column":83}},"8":{"start":{"line":88,"column":0},"end":{"line":88,"column":16}},"9":{"start":{"line":91,"column":26},"end":{"line":93,"column":1}},"10":{"start":{"line":92,"column":2},"end":{"line":92,"column":70}},"11":{"start":{"line":92,"column":50},"end":{"line":92,"column":70}},"12":{"start":{"line":94,"column":0},"end":{"line":94,"column":103}},"13":{"start":{"line":95,"column":0},"end":{"line":95,"column":34}},"14":{"start":{"line":100,"column":0},"end":{"line":100,"column":16}},"15":{"start":{"line":101,"column":0},"end":{"line":101,"column":93}},"16":{"start":{"line":103,"column":0},"end":{"line":105,"column":3}},"17":{"start":{"line":104,"column":2},"end":{"line":104,"column":42}},"18":{"start":{"line":104,"column":22},"end":{"line":104,"column":42}},"19":{"start":{"line":109,"column":2},"end":{"line":109,"column":45}},"20":{"start":{"line":109,"column":21},"end":{"line":109,"column":45}},"21":{"start":{"line":111,"column":0},"end":{"line":111,"column":16}},"22":{"start":{"line":112,"column":0},"end":{"line":112,"column":96}},"23":{"start":{"line":113,"column":0},"end":{"line":113,"column":33}},"24":{"start":{"line":119,"column":23},"end":{"line":119,"column":24}},"25":{"start":{"line":120,"column":25},"end":{"line":120,"column":26}},"26":{"start":{"line":122,"column":21},"end":{"line":128,"column":1}},"27":{"start":{"line":123,"column":2},"end":{"line":127,"column":3}},"28":{"start":{"line":126,"column":4},"end":{"line":126,"column":70}},"29":{"start":{"line":129,"column":0},"end":{"line":129,"column":29}},"30":{"start":{"line":131,"column":0},"end":{"line":131,"column":50}},"31":{"start":{"line":132,"column":0},"end":{"line":132,"column":54}},"32":{"start":{"line":134,"column":0},"end":{"line":134,"column":54}},"33":{"start":{"line":137,"column":0},"end":{"line":137,"column":16}},"34":{"start":{"line":138,"column":0},"end":{"line":140,"column":2}},"35":{"start":{"line":143,"column":17},"end":{"line":146,"column":3}},"36":{"start":{"line":147,"column":2},"end":{"line":147,"column":16}},"37":{"start":{"line":150,"column":21},"end":{"line":150,"column":47}},"38":{"start":{"line":152,"column":0},"end":{"line":152,"column":42}},"39":{"start":{"line":157,"column":21},"end":{"line":174,"column":1}},"40":{"start":{"line":170,"column":26},"end":{"line":170,"column":39}},"41":{"start":{"line":171,"column":2},"end":{"line":171,"column":41}},"42":{"start":{"line":172,"column":2},"end":{"line":172,"column":32}},"43":{"start":{"line":173,"column":2},"end":{"line":173,"column":25}},"44":{"start":{"line":175,"column":0},"end":{"line":175,"column":16}},"45":{"start":{"line":176,"column":0},"end":{"line":176,"column":108}},"46":{"start":{"line":178,"column":0},"end":{"line":178,"column":38}},"47":{"start":{"line":179,"column":0},"end":{"line":179,"column":20}},"48":{"start":{"line":184,"column":22},"end":{"line":184,"column":35}},"49":{"start":{"line":186,"column":2},"end":{"line":186,"column":25}},"50":{"start":{"line":187,"column":2},"end":{"line":187,"column":29}},"51":{"start":{"line":188,"column":2},"end":{"line":188,"column":26}},"52":{"start":{"line":190,"column":2},"end":{"line":190,"column":21}},"53":{"start":{"line":192,"column":0},"end":{"line":192,"column":16}},"54":{"start":{"line":193,"column":0},"end":{"line":195,"column":2}},"55":{"start":{"line":197,"column":16},"end":{"line":197,"column":44}},"56":{"start":{"line":198,"column":0},"end":{"line":198,"column":25}},"57":{"start":{"line":199,"column":0},"end":{"line":199,"column":22}},"58":{"start":{"line":203,"column":21},"end":{"line":211,"column":2}},"59":{"start":{"line":205,"column":22},"end":{"line":205,"column":35}},"60":{"start":{"line":206,"column":2},"end":{"line":206,"column":26}},"61":{"start":{"line":207,"column":2},"end":{"line":207,"column":29}},"62":{"start":{"line":209,"column":2},"end":{"line":209,"column":60}},"63":{"start":{"line":210,"column":2},"end":{"line":210,"column":21}},"64":{"start":{"line":212,"column":0},"end":{"line":212,"column":34}},"65":{"start":{"line":214,"column":0},"end":{"line":214,"column":30}},"66":{"start":{"line":219,"column":0},"end":{"line":219,"column":16}},"67":{"start":{"line":221,"column":0},"end":{"line":221,"column":20}},"68":{"start":{"line":224,"column":0},"end":{"line":224,"column":37}},"69":{"start":{"line":224,"column":22},"end":{"line":224,"column":35}},"70":{"start":{"line":227,"column":0},"end":{"line":232,"column":3}},"71":{"start":{"line":231,"column":2},"end":{"line":231,"column":40}},"72":{"start":{"line":234,"column":0},"end":{"line":234,"column":34}},"73":{"start":{"line":235,"column":0},"end":{"line":235,"column":49}},"74":{"start":{"line":238,"column":14},"end":{"line":238,"column":36}},"75":{"start":{"line":239,"column":2},"end":{"line":243,"column":5}},"76":{"start":{"line":240,"column":4},"end":{"line":242,"column":5}},"77":{"start":{"line":241,"column":6},"end":{"line":241,"column":51}},"78":{"start":{"line":244,"column":2},"end":{"line":244,"column":13}},"79":{"start":{"line":247,"column":0},"end":{"line":247,"column":64}}},"fnMap":{"0":{"name":"allPeople","decl":{"start":{"line":71,"column":9},"end":{"line":71,"column":18}},"loc":{"start":{"line":71,"column":21},"end":{"line":73,"column":1}},"line":71},"1":{"name":"(anonymous_1)","decl":{"start":{"line":77,"column":23},"end":{"line":77,"column":24}},"loc":{"start":{"line":77,"column":41},"end":{"line":81,"column":1}},"line":77},"2":{"name":"(anonymous_2)","decl":{"start":{"line":91,"column":26},"end":{"line":91,"column":27}},"loc":{"start":{"line":91,"column":44},"end":{"line":93,"column":1}},"line":91},"3":{"name":"(anonymous_3)","decl":{"start":{"line":103,"column":15},"end":{"line":103,"column":16}},"loc":{"start":{"line":103,"column":33},"end":{"line":105,"column":1}},"line":103},"4":{"name":"printSexIfHasCar","decl":{"start":{"line":108,"column":9},"end":{"line":108,"column":25}},"loc":{"start":{"line":108,"column":34},"end":{"line":110,"column":1}},"line":108},"5":{"name":"(anonymous_5)","decl":{"start":{"line":122,"column":21},"end":{"line":122,"column":22}},"loc":{"start":{"line":122,"column":39},"end":{"line":128,"column":1}},"line":122},"6":{"name":"lytisIrPajamos","decl":{"start":{"line":142,"column":9},"end":{"line":142,"column":23}},"loc":{"start":{"line":142,"column":32},"end":{"line":148,"column":1}},"line":142},"7":{"name":"(anonymous_7)","decl":{"start":{"line":157,"column":21},"end":{"line":157,"column":22}},"loc":{"start":{"line":157,"column":39},"end":{"line":174,"column":1}},"line":157},"8":{"name":"noSexNameSurname","decl":{"start":{"line":182,"column":9},"end":{"line":182,"column":25}},"loc":{"start":{"line":182,"column":34},"end":{"line":191,"column":1}},"line":182},"9":{"name":"(anonymous_9)","decl":{"start":{"line":203,"column":32},"end":{"line":203,"column":33}},"loc":{"start":{"line":203,"column":44},"end":{"line":211,"column":1}},"line":203},"10":{"name":"(anonymous_10)","decl":{"start":{"line":224,"column":12},"end":{"line":224,"column":13}},"loc":{"start":{"line":224,"column":22},"end":{"line":224,"column":35}},"line":224},"11":{"name":"(anonymous_11)","decl":{"start":{"line":227,"column":12},"end":{"line":227,"column":13}},"loc":{"start":{"line":227,"column":22},"end":{"line":232,"column":1}},"line":227},"12":{"name":"returnDrivers","decl":{"start":{"line":237,"column":9},"end":{"line":237,"column":22}},"loc":{"start":{"line":237,"column":28},"end":{"line":245,"column":1}},"line":237},"13":{"name":"(anonymous_13)","decl":{"start":{"line":239,"column":14},"end":{"line":239,"column":15}},"loc":{"start":{"line":239,"column":21},"end":{"line":243,"column":3}},"line":239}},"branchMap":{"0":{"loc":{"start":{"line":79,"column":2},"end":{"line":79,"column":49}},"type":"if","locations":[{"start":{"line":79,"column":2},"end":{"line":79,"column":49}},{"start":{"line":79,"column":2},"end":{"line":79,"column":49}}],"line":79},"1":{"loc":{"start":{"line":92,"column":2},"end":{"line":92,"column":70}},"type":"if","locations":[{"start":{"line":92,"column":2},"end":{"line":92,"column":70}},{"start":{"line":92,"column":2},"end":{"line":92,"column":70}}],"line":92},"2":{"loc":{"start":{"line":92,"column":6},"end":{"line":92,"column":48}},"type":"binary-expr","locations":[{"start":{"line":92,"column":6},"end":{"line":92,"column":29}},{"start":{"line":92,"column":33},"end":{"line":92,"column":48}}],"line":92},"3":{"loc":{"start":{"line":104,"column":2},"end":{"line":104,"column":42}},"type":"if","locations":[{"start":{"line":104,"column":2},"end":{"line":104,"column":42}},{"start":{"line":104,"column":2},"end":{"line":104,"column":42}}],"line":104},"4":{"loc":{"start":{"line":109,"column":2},"end":{"line":109,"column":45}},"type":"if","locations":[{"start":{"line":109,"column":2},"end":{"line":109,"column":45}},{"start":{"line":109,"column":2},"end":{"line":109,"column":45}}],"line":109},"5":{"loc":{"start":{"line":123,"column":2},"end":{"line":127,"column":3}},"type":"if","locations":[{"start":{"line":123,"column":2},"end":{"line":127,"column":3}},{"start":{"line":123,"column":2},"end":{"line":127,"column":3}}],"line":123},"6":{"loc":{"start":{"line":126,"column":4},"end":{"line":126,"column":69}},"type":"cond-expr","locations":[{"start":{"line":126,"column":28},"end":{"line":126,"column":46}},{"start":{"line":126,"column":49},"end":{"line":126,"column":69}}],"line":126},"7":{"loc":{"start":{"line":231,"column":9},"end":{"line":231,"column":39}},"type":"cond-expr","locations":[{"start":{"line":231,"column":33},"end":{"line":231,"column":34}},{"start":{"line":231,"column":37},"end":{"line":231,"column":39}}],"line":231},"8":{"loc":{"start":{"line":240,"column":4},"end":{"line":242,"column":5}},"type":"if","locations":[{"start":{"line":240,"column":4},"end":{"line":242,"column":5}},{"start":{"line":240,"column":4},"end":{"line":242,"column":5}}],"line":240},"9":{"loc":{"start":{"line":241,"column":6},"end":{"line":241,"column":50}},"type":"cond-expr","locations":[{"start":{"line":241,"column":25},"end":{"line":241,"column":35}},{"start":{"line":241,"column":38},"end":{"line":241,"column":50}}],"line":241}},"s":{"0":1,"1":2,"2":1,"3":6,"4":3,"5":1,"6":1,"7":1,"8":1,"9":1,"10":6,"11":1,"12":1,"13":1,"14":1,"15":1,"16":1,"17":6,"18":2,"19":6,"20":3,"21":1,"22":1,"23":1,"24":1,"25":1,"26":1,"27":6,"28":3,"29":1,"30":1,"31":1,"32":1,"33":1,"34":1,"35":6,"36":6,"37":1,"38":1,"39":1,"40":6,"41":6,"42":6,"43":6,"44":1,"45":1,"46":1,"47":1,"48":7,"49":7,"50":7,"51":7,"52":7,"53":1,"54":1,"55":1,"56":1,"57":1,"58":1,"59":6,"60":6,"61":6,"62":6,"63":6,"64":1,"65":1,"66":1,"67":1,"68":1,"69":10,"70":1,"71":9,"72":1,"73":1,"74":1,"75":1,"76":4,"77":2,"78":1,"79":1},"f":{"0":2,"1":6,"2":6,"3":6,"4":6,"5":6,"6":6,"7":6,"8":7,"9":6,"10":10,"11":9,"12":1,"13":4},"b":{"0":[3,3],"1":[1,5],"2":[6,3],"3":[2,4],"4":[3,3],"5":[3,3],"6":[1,2],"7":[3,6],"8":[2,2],"9":[1,1]},"_coverageSchema":"1a1c01bbd47fc00a2c39e90264f33305004495a9","hash":"a5856becf20ebaae77bc76a102ea7aa417984847"}
}
