TN:
SF:functions\func.js
FN:1,add
FN:8,divide
FN:13,showValue
FN:18,notMoreThan
FNF:4
FNH:3
FNDA:2,add
FNDA:3,divide
FNDA:8,showValue
FNDA:0,notMoreThan
DA:3,2
DA:9,3
DA:10,1
DA:14,8
DA:19,0
DA:20,0
DA:21,0
DA:24,1
LF:8
LH:5
BRDA:9,0,0,2
BRDA:9,0,1,1
BRDA:21,1,0,0
BRDA:21,1,1,0
BRF:4
BRH:2
end_of_record
TN:
SF:functions\promise.js
FN:3,(anonymous_0)
FN:6,(anonymous_1)
FN:7,(anonymous_2)
FN:11,(anonymous_3)
FNF:4
FNH:3
FNDA:3,(anonymous_0)
FNDA:3,(anonymous_1)
FNDA:0,(anonymous_2)
FNDA:1,(anonymous_3)
DA:1,1
DA:3,1
DA:4,3
DA:6,3
DA:7,0
DA:11,1
DA:13,1
LF:7
LH:6
BRF:0
BRH:0
end_of_record
TN:
SF:functions\reference.js
FN:1,(anonymous_0)
FN:11,(anonymous_1)
FN:16,(anonymous_2)
FNF:3
FNH:3
FNDA:2,(anonymous_0)
FNDA:1,(anonymous_1)
FNDA:1,(anonymous_2)
DA:1,1
DA:2,2
DA:3,2
DA:4,2
DA:8,1
DA:11,1
DA:12,1
DA:16,1
DA:17,1
DA:20,1
LF:10
LH:10
BRF:0
BRH:0
end_of_record
TN:
SF:tasks\task.js
FN:71,allPeople
FN:77,(anonymous_1)
FN:91,(anonymous_2)
FN:103,(anonymous_3)
FN:108,printSexIfHasCar
FN:122,(anonymous_5)
FN:142,lytisIrPajamos
FN:157,(anonymous_7)
FN:182,noSexNameSurname
FN:203,(anonymous_9)
FN:224,(anonymous_10)
FN:227,(anonymous_11)
FN:237,returnDrivers
FN:239,(anonymous_13)
FNF:14
FNH:14
FNDA:2,allPeople
FNDA:6,(anonymous_1)
FNDA:6,(anonymous_2)
FNDA:6,(anonymous_3)
FNDA:6,printSexIfHasCar
FNDA:6,(anonymous_5)
FNDA:6,lytisIrPajamos
FNDA:6,(anonymous_7)
FNDA:7,noSexNameSurname
FNDA:6,(anonymous_9)
FNDA:10,(anonymous_10)
FNDA:9,(anonymous_11)
FNDA:1,returnDrivers
FNDA:4,(anonymous_13)
DA:2,1
DA:72,2
DA:77,1
DA:79,6
DA:82,1
DA:86,1
DA:87,1
DA:88,1
DA:91,1
DA:92,6
DA:94,1
DA:95,1
DA:100,1
DA:101,1
DA:103,1
DA:104,6
DA:109,6
DA:111,1
DA:112,1
DA:113,1
DA:119,1
DA:120,1
DA:122,1
DA:123,6
DA:126,3
DA:129,1
DA:131,1
DA:132,1
DA:134,1
DA:137,1
DA:138,1
DA:143,6
DA:147,6
DA:150,1
DA:152,1
DA:157,1
DA:170,6
DA:171,6
DA:172,6
DA:173,6
DA:175,1
DA:176,1
DA:178,1
DA:179,1
DA:184,7
DA:186,7
DA:187,7
DA:188,7
DA:190,7
DA:192,1
DA:193,1
DA:197,1
DA:198,1
DA:199,1
DA:203,1
DA:205,6
DA:206,6
DA:207,6
DA:209,6
DA:210,6
DA:212,1
DA:214,1
DA:219,1
DA:221,1
DA:224,10
DA:227,1
DA:231,9
DA:234,1
DA:235,1
DA:238,1
DA:239,1
DA:240,4
DA:241,2
DA:244,1
DA:247,1
LF:75
LH:75
BRDA:79,0,0,3
BRDA:79,0,1,3
BRDA:92,1,0,1
BRDA:92,1,1,5
BRDA:92,2,0,6
BRDA:92,2,1,3
BRDA:104,3,0,2
BRDA:104,3,1,4
BRDA:109,4,0,3
BRDA:109,4,1,3
BRDA:123,5,0,3
BRDA:123,5,1,3
BRDA:126,6,0,1
BRDA:126,6,1,2
BRDA:231,7,0,3
BRDA:231,7,1,6
BRDA:240,8,0,2
BRDA:240,8,1,2
BRDA:241,9,0,1
BRDA:241,9,1,1
BRF:20
BRH:20
end_of_record
